<?xml version="1.0" encoding="UTF-8"?>
<!-- Generated by org.testng.reporters.JUnitReportReporter -->
<testsuite hostname="LAPTOP-03ASMH6O" failures="0" tests="3" name="com.java.selenium.automation.LoginPageTest" time="8.273" errors="0" timestamp="2022-02-11T08:47:56 PST" skipped="0">
  <testcase classname="com.java.selenium.automation.LoginPageTest" name="loginWithInvalidUser" time="1.955"/>
  <system-out/>
  <testcase classname="com.java.selenium.automation.LoginPageTest" name="retrievePassword" time="2.144"/>
  <system-out/>
  <testcase classname="com.java.selenium.automation.LoginPageTest" name="loginWithValidUser" time="4.174"/>
  <system-out/>
</testsuite> <!-- com.java.selenium.automation.LoginPageTest -->
