<?xml version="1.0" encoding="UTF-8"?>
<!-- Generated by org.testng.reporters.JUnitReportReporter -->
<testsuite hostname="LAPTOP-03ASMH6O" failures="0" tests="1" name="com.java.selenium.automation.SignUpPageTest" time="2.485" errors="0" timestamp="2022-02-11T08:47:56 PST" skipped="0">
  <testcase classname="com.java.selenium.automation.SignUpPageTest" name="signUpWithValidEntry" time="2.485"/>
  <system-out/>
</testsuite> <!-- com.java.selenium.automation.SignUpPageTest -->
