<?xml version="1.0" encoding="UTF-8"?>
<!-- Generated by org.testng.reporters.JUnitReportReporter -->
<testsuite hostname="LAPTOP-03ASMH6O" failures="0" tests="1" name="com.java.selenium.automation.RegistrationFormTest" time="2.482" errors="0" timestamp="2022-02-08T15:07:56 PST" skipped="0">
  <testcase classname="com.java.selenium.automation.RegistrationFormTest" name="navigateBasePageRegistraitonForm" time="2.482"/>
  <system-out/>
</testsuite> <!-- com.java.selenium.automation.RegistrationFormTest -->
