<?xml version="1.0" encoding="UTF-8"?>
<!-- Generated by org.testng.reporters.JUnitReportReporter -->
<testsuite hostname="LAPTOP-03ASMH6O" failures="0" tests="2" name="com.java.selenium.automation.LoginAddItemsTest" time="2.360" errors="0" timestamp="2022-02-08T22:33:27 PST" skipped="0">
  <testcase classname="com.java.selenium.automation.LoginAddItemsTest" name="validateLoginPage" time="1.775"/>
  <system-out/>
  <testcase classname="com.java.selenium.automation.LoginAddItemsTest" name="addItemsToCart" time="0.585"/>
  <system-out/>
</testsuite> <!-- com.java.selenium.automation.LoginAddItemsTest -->
